2020-08-07 at 16:04:09 CST [TRACE] [Slf4jDemo] 13 main - log4j2日志输出：This is trace message.
2020-08-07 at 16:04:09 CST [DEBUG] [Slf4jDemo] 15 main - log4j2日志输出：This is debug message.
2020-08-07 at 16:04:09 CST [INFO ] [Slf4jDemo] 17 main - log4j2日志输出：This is info message.
2020-08-07 at 16:04:09 CST [ERROR] [Slf4jDemo] 19 main - log4j2日志输出：This is error message.
2020-08-07 at 16:04:09 CST [INFO ] [Slf4jDemo] 21 main - mylog
2020-08-07 at 16:04:23 CST [TRACE] [Slf4jDemo] 13 main - log4j2日志输出：This is trace message.
2020-08-07 at 16:04:23 CST [DEBUG] [Slf4jDemo] 15 main - log4j2日志输出：This is debug message.
2020-08-07 at 16:04:23 CST [INFO ] [Slf4jDemo] 17 main - log4j2日志输出：This is info message.
2020-08-07 at 16:04:23 CST [ERROR] [Slf4jDemo] 19 main - log4j2日志输出：This is error message.
2020-08-07 at 16:04:23 CST [INFO ] [Slf4jDemo] 21 main - mylog
2020-08-07 at 16:04:33 CST [TRACE] [Slf4jDemo] 13 main - log4j2日志输出：This is trace message.
2020-08-07 at 16:04:33 CST [DEBUG] [Slf4jDemo] 15 main - log4j2日志输出：This is debug message.
2020-08-07 at 16:04:33 CST [INFO ] [Slf4jDemo] 17 main - log4j2日志输出：This is info message.
2020-08-07 at 16:04:33 CST [ERROR] [Slf4jDemo] 19 main - log4j2日志输出：This is error message.
2020-08-07 at 16:04:33 CST [INFO ] [Slf4jDemo] 21 main - mylog
2020-08-07 at 16:07:28 CST [TRACE] [Slf4jDemo] 14 main - log4j2日志输出：This is trace message.
2020-08-07 at 16:07:28 CST [DEBUG] [Slf4jDemo] 16 main - log4j2日志输出：This is debug message.
2020-08-07 at 16:07:28 CST [INFO ] [Slf4jDemo] 18 main - log4j2日志输出：This is info message.
2020-08-07 at 16:07:28 CST [ERROR] [Slf4jDemo] 20 main - log4j2日志输出：This is error message.
2020-08-07 at 16:07:52 CST [TRACE] [Slf4jDemo] 14 main - log4j2日志输出：This is trace message.
2020-08-07 at 16:07:52 CST [DEBUG] [Slf4jDemo] 16 main - log4j2日志输出：This is debug message.
2020-08-07 at 16:07:52 CST [INFO ] [Slf4jDemo] 18 main - log4j2日志输出：This is info message.
2020-08-07 at 16:07:52 CST [ERROR] [Slf4jDemo] 20 main - log4j2日志输出：This is error message.
2020-08-07 at 16:08:52 CST [TRACE] [Slf4jDemo] 16 main - log4j2日志输出：This is trace message.
2020-08-07 at 16:08:52 CST [DEBUG] [Slf4jDemo] 18 main - log4j2日志输出：This is debug message.
2020-08-07 at 16:08:52 CST [INFO ] [Slf4jDemo] 20 main - log4j2日志输出：This is info message.
2020-08-07 at 16:08:52 CST [ERROR] [Slf4jDemo] 22 main - log4j2日志输出：This is error message.
2020-08-07 at 16:08:52 CST [TRACE] [Slf4jDemo] 41 main - log4j2日志输出：This is trace message.
2020-08-07 at 16:08:52 CST [DEBUG] [Slf4jDemo] 43 main - log4j2日志输出：This is debug message.
2020-08-07 at 16:08:52 CST [INFO ] [Slf4jDemo] 45 main - log4j2日志输出：This is info message.
2020-08-07 at 16:08:52 CST [ERROR] [Slf4jDemo] 47 main - log4j2日志输出：This is error message.
2020-08-07 at 16:08:52 CST [INFO ] [Slf4jDemo] 49 main - mylog
2020-08-07 at 16:09:07 CST [TRACE] [Slf4jDemo] 16 main - log4j2日志输出：This is trace message.
2020-08-07 at 16:09:07 CST [DEBUG] [Slf4jDemo] 18 main - log4j2日志输出：This is debug message.
2020-08-07 at 16:09:07 CST [INFO ] [Slf4jDemo] 20 main - log4j2日志输出：This is info message.
2020-08-07 at 16:09:07 CST [ERROR] [Slf4jDemo] 22 main - log4j2日志输出：This is error message.
2020-08-07 at 16:09:07 CST [TRACE] [Slf4jDemo] 37 main - log4j2日志输出：This is trace message.
2020-08-07 at 16:09:07 CST [DEBUG] [Slf4jDemo] 39 main - log4j2日志输出：This is debug message.
2020-08-07 at 16:09:07 CST [INFO ] [Slf4jDemo] 41 main - log4j2日志输出：This is info message.
2020-08-07 at 16:09:07 CST [ERROR] [Slf4jDemo] 43 main - log4j2日志输出：This is error message.
2021-06-08 at 10:47:30 CST [TRACE] [Slf4jDemo] 29 main - log4j2日志输出：This is trace message.
2021-06-08 at 10:47:30 CST [DEBUG] [Slf4jDemo] 31 main - log4j2日志输出：This is debug message.
2021-06-08 at 10:47:30 CST [INFO ] [Slf4jDemo] 33 main - log4j2日志输出：This is info message.
2021-06-08 at 10:47:30 CST [ERROR] [Slf4jDemo] 35 main - log4j2日志输出：This is error message.
2021-06-08 at 10:47:55 CST [TRACE] [Slf4jDemo] 29 main - log4j2日志输出：This is trace message.
2021-06-08 at 10:47:55 CST [DEBUG] [Slf4jDemo] 31 main - log4j2日志输出：This is debug message.
2021-06-08 at 10:47:55 CST [INFO ] [Slf4jDemo] 33 main - log4j2日志输出：This is info message.
2021-06-08 at 10:47:55 CST [ERROR] [Slf4jDemo] 35 main - log4j2日志输出：This is error message.
2021-06-08 at 10:49:01 CST [TRACE] [Slf4jDemo] 30 main - log4j2日志输出：This is trace message.
2021-06-08 at 10:49:01 CST [DEBUG] [Slf4jDemo] 32 main - log4j2日志输出：This is debug message.
2021-06-08 at 10:49:01 CST [INFO ] [Slf4jDemo] 34 main - log4j2日志输出：This is info message.
2021-06-08 at 10:49:01 CST [ERROR] [Slf4jDemo] 36 main - log4j2日志输出：This is error message.
2021-06-08 at 10:50:34 CST [TRACE] [Slf4jDemo] 29 main - log4j2日志输出：This is trace message.
2021-06-08 at 10:50:34 CST [DEBUG] [Slf4jDemo] 31 main - log4j2日志输出：This is debug message.
2021-06-08 at 10:50:34 CST [INFO ] [Slf4jDemo] 33 main - log4j2日志输出：This is info message.
2021-06-08 at 10:50:34 CST [ERROR] [Slf4jDemo] 35 main - log4j2日志输出：This is error message.
